                               *****************
                               ***CASE REPORT***
                               *****************

                           ***SUMMARY OF RESULTS***

      End-Use Option = Direct-Use Heat
      Average Direct-Use Heat Production (MWth)               9.87
      Direct-Use heat breakeven price ($/MMBTU)               9.44
      Number of production wells                              1
      Number of injection wells                               1
      Flowrate per production well (kg/s)                    50.0
      Well depth (m)                                       2984.0
      Geothermal gradient (deg.C/km)                         30.0


                           ***ECONOMIC PARAMETERS***

      Economic Model = Standard Levelized Cost Model
      Interest Rate (%)                                       5.00
      Accrued financing during construction (%)               0.00
      Project lifetime (years)                               30
      Capacity factor (%)                                    97.3

                          ***ENGINEERING PARAMETERS***

      Well depth (m)                                       2984.0
      Water loss rate (%)                                     0.0
      Pump efficiency (%)                                    80.0
      Injection temperature (deg.C)                          50.0
      Production Wellbore heat transmission calculated with Ramey's model
      Average production well temperature drop (deg.C)        2.2
      Flowrate per production well (kg/s)                    50.0
      Injection well casing ID (inches)                       8.500
      Produciton well casing ID (inches)                      8.500
      Number of times redrilling                              0


                         ***RESOURCE CHARACTERISTICS***

      Maximum reservoir temperature (deg.C)                 500.0
      Number of segments                                      1
      Geothermal gradient (deg.C/km)                         30.0


                           ***RESERVOIR PARAMETERS***

      Reservoir Model = Multiple Parallel Fractures Model
      Bottom-hole temperature (deg.C)                       104.52
      Fracture model = circular fracture with known diameter
      Well seperation = fracture diameter (m)               300.00
      Fracture area (m^2)                                 70686
      Number of fractures calculated with reservoir volume and fracture separation as input
      Number of fractures                                   236.79
      Fracture separation (m)                                60.00
      Reservoir volume (m^3)                         1000000000
      Reservoir hydrostatic pressure (kPa)                28718.93
      Plant outlet pressure (kPa)                           394.94
      Production wellhead pressure (kPa)                    463.89
      Productivity Index (kg/s/bar)                           5.00
      Injectivity Index (kg/s/bar)                            5.00
      Reservoir density (kg/m^3)                           2700.00
      Reservoir thermal conductivity (W/m/K)                  3.00
      Reservoir heat capacity (J/kg/K)                     1000.00


                          ***CAPITAL COSTS (M$)***

      Drilling and completion costs                          17.65
      Drilling and completion costs per well                  8.83
      Stimulation costs                                       1.83
      Surface power plant costs                               4.29
      Field gathering system costs                            1.50
      Total surface equipment costs                           5.79
      Exploration costs                                       7.78
      Total capital costs                                    33.05


                ***OPERATING AND MAINTENANCE COSTS (M$/yr)***

      Wellfield maintenance costs                             0.26
      Power plant maintenance costs                           0.26
      Water costs                                             0.00
      Average annual pumping costs                            0.14
      Total operating and maintenance costs                   0.66


                           ***POWER GENERATION RESULTS***

      Initial direct-use heat production (MWth)               9.67
      Average direct-use heat production (MWth)               9.87
      Average annual heat production (GWh/yr)                84.15
      Average injection well pump pressure drop (kPa)            805.1
      Average production well pump pressure drop (kPa)           884.2

                                        ******************************
                                        *  POWER GENERATION PROFILE  *
                                        ******************************
  YEAR            THERMAL                    GEOFLUID                    PUMP                    NET
                  DRAWDOWN                  TEMPERATURE                  POWER                   HEAT
                                              (deg C)                    (MWe)                  (MWth)
   0                1.0000                     101.27                    0.1095                 9.6681
   1                1.0051                     101.78                    0.1094                 9.7649
   2                1.0070                     101.98                    0.1093                 9.8027
   3                1.0081                     102.09                    0.1093                 9.8223
   4                1.0088                     102.16                    0.1093                 9.8353
   5                1.0093                     102.21                    0.1092                 9.8449
   6                1.0097                     102.25                    0.1092                 9.8524
   7                1.0100                     102.28                    0.1092                 9.8586
   8                1.0102                     102.31                    0.1092                 9.8638
   9                1.0105                     102.33                    0.1092                 9.8683
  10                1.0107                     102.35                    0.1092                 9.8722
  11                1.0109                     102.37                    0.1092                 9.8757
  12                1.0110                     102.39                    0.1092                 9.8788
  13                1.0112                     102.40                    0.1092                 9.8817
  14                1.0113                     102.41                    0.1092                 9.8843
  15                1.0114                     102.43                    0.1092                 9.8866
  16                1.0116                     102.44                    0.1092                 9.8888
  17                1.0117                     102.45                    0.1092                 9.8909
  18                1.0118                     102.46                    0.1092                 9.8928
  19                1.0119                     102.47                    0.1092                 9.8946
  20                1.0120                     102.48                    0.1092                 9.8963
  21                1.0120                     102.49                    0.1092                 9.8979
  22                1.0121                     102.50                    0.1092                 9.8994
  23                1.0122                     102.50                    0.1092                 9.9008
  24                1.0123                     102.51                    0.1091                 9.9021
  25                1.0123                     102.52                    0.1091                 9.9034
  26                1.0124                     102.52                    0.1091                 9.9047
  27                1.0125                     102.53                    0.1091                 9.9058
  28                1.0125                     102.54                    0.1091                 9.9070
  29                1.0126                     102.54                    0.1091                 9.9081
  30                1.0126                     102.55                    0.1091                 9.9091


                              ***************************************************************
                              *  HEAT AND/OR ELECTRICITY EXTRACTION AND GENERATION PROFILE  *
                              ***************************************************************
  YEAR               HEAT                       HEAT                RESERVOIR            PERCENTAGE OF
                    PROVIDED                   EXTRACTED            HEAT CONTENT        TOTAL HEAT MINED
                   (GWh/year)                  (GWh/year)            (10^15 J)                 (%)
   1                  82.8                        92.0                146.87                   0.22
   2                  83.4                        92.7                146.54                   0.45
   3                  83.6                        92.9                146.20                   0.68
   4                  83.8                        93.1                145.87                   0.91
   5                  83.9                        93.2                145.53                   1.13
   6                  83.9                        93.3                145.20                   1.36
   7                  84.0                        93.3                144.86                   1.59
   8                  84.1                        93.4                144.53                   1.82
   9                  84.1                        93.4                144.19                   2.05
  10                  84.1                        93.5                143.85                   2.28
  11                  84.2                        93.5                143.52                   2.51
  12                  84.2                        93.5                143.18                   2.73
  13                  84.2                        93.6                142.84                   2.96
  14                  84.2                        93.6                142.51                   3.19
  15                  84.3                        93.6                142.17                   3.42
  16                  84.3                        93.6                141.83                   3.65
  17                  84.3                        93.7                141.49                   3.88
  18                  84.3                        93.7                141.16                   4.11
  19                  84.3                        93.7                140.82                   4.34
  20                  84.3                        93.7                140.48                   4.57
  21                  84.4                        93.7                140.15                   4.80
  22                  84.4                        93.7                139.81                   5.02
  23                  84.4                        93.8                139.47                   5.25
  24                  84.4                        93.8                139.13                   5.48
  25                  84.4                        93.8                138.79                   5.71
  26                  84.4                        93.8                138.46                   5.94
  27                  84.4                        93.8                138.12                   6.17
  28                  84.4                        93.8                137.78                   6.40
  29                  84.4                        93.8                137.44                   6.63
  30                  84.5                        93.8                137.11                   6.86

